<?xml version="1.0" encoding="UTF-8"?>
<testng-results ignored="0" total="1" passed="1" failed="0" skipped="0">
  <reporter-output>
  </reporter-output>
  <suite started-at="2022-08-18T11:25:16 GMT+05:30" name="Surefire suite" finished-at="2022-08-18T11:25:16 GMT+05:30" duration-ms="87">
    <groups>
    </groups>
    <test started-at="2022-08-18T11:25:16 GMT+05:30" name="Surefire test" finished-at="2022-08-18T11:25:16 GMT+05:30" duration-ms="87">
      <class name="MilestoneAss2.PersonManagement.AppTest">
        <test-method signature="shouldAnswerWithTrue()" started-at="2022-08-18T11:25:16 GMT+05:30" name="shouldAnswerWithTrue" finished-at="2022-08-18T11:25:16 GMT+05:30" duration-ms="21" status="PASS">
          <reporter-output>
          </reporter-output>
        </test-method> <!-- shouldAnswerWithTrue -->
      </class> <!-- MilestoneAss2.PersonManagement.AppTest -->
    </test> <!-- Surefire test -->
  </suite> <!-- Surefire suite -->
</testng-results>
